core/build/intermediates/manifest_merge_blame_file/release/manifest-merger-blame-release-report.txt
1<?xml version="1.0" encoding="utf-8"?>
2<!--
3  ~ Copyright 2010—2016 Denis Nelubin and others.
4  ~
5  ~ This file is part of Weather Notification.
6  ~
7  ~ Weather Notification is free software: you can redistribute it and/or modify
8  ~ it under the terms of the GNU General Public License as published by
9  ~ the Free Software Foundation, either version 3 of the License, or
10  ~ (at your option) any later version.
11  ~
12  ~ Weather Notification is distributed in the hope that it will be useful,
13  ~ but WITHOUT ANY WARRANTY; without even the implied warranty of
14  ~ MERCHANTABILITY or FITNESS FOR A PARTICULAR PURPOSE.  See the
15  ~ GNU General Public License for more details.
16  ~
17  ~ You should have received a copy of the GNU General Public License
18  ~ along with Weather Notification.  If not, see http://www.gnu.org/licenses/.
19-->
20<manifest xmlns:android="http://schemas.android.com/apk/res/android"
21    package="ru.gelin.android.weather.notification"
22    android:versionCode="55"
23    android:versionName="0.3.11" >
24
25    <uses-sdk
25-->src\main\AndroidManifest.xml:39:5-16
26        android:minSdkVersion="14"
26-->src\main\AndroidManifest.xml:39:5-16
27        android:targetSdkVersion="26" />
27-->src\main\AndroidManifest.xml:39:5-16
28
29    <permission
29-->src\main\AndroidManifest.xml:25:5-29:51
30        android:name="ru.gelin.android.weather.notification.START_UPDATE_SERVICE"
30-->src\main\AndroidManifest.xml:25:17-90
31        android:description="@string/start_update_service_permission_description"
31-->src\main\AndroidManifest.xml:27:17-90
32        android:label="@string/start_update_service_permission"
32-->src\main\AndroidManifest.xml:26:17-72
33        android:permissionGroup="android.permission-group.DEVELOPMENT_TOOLS"
33-->src\main\AndroidManifest.xml:28:17-85
34        android:protectionLevel="normal" />
34-->src\main\AndroidManifest.xml:29:17-49
35
36    <uses-permission android:name="ru.gelin.android.weather.notification.START_UPDATE_SERVICE" />
36-->src\main\AndroidManifest.xml:31:5-97
36-->src\main\AndroidManifest.xml:31:22-95
37    <uses-permission android:name="android.permission.INTERNET" />
37-->src\main\AndroidManifest.xml:32:5-66
37-->src\main\AndroidManifest.xml:32:22-64
38    <uses-permission android:name="android.permission.RECEIVE_BOOT_COMPLETED" />
38-->src\main\AndroidManifest.xml:33:5-80
38-->src\main\AndroidManifest.xml:33:22-78
39    <uses-permission android:name="android.permission.ACCESS_NETWORK_STATE" />
39-->src\main\AndroidManifest.xml:34:5-78
39-->src\main\AndroidManifest.xml:34:22-76
40    <uses-permission android:name="android.permission.ACCESS_COARSE_LOCATION" />
40-->src\main\AndroidManifest.xml:35:5-80
40-->src\main\AndroidManifest.xml:35:22-78
41    <uses-permission android:name="android.permission.ACCESS_FINE_LOCATION" />
41-->src\main\AndroidManifest.xml:36:5-78
41-->src\main\AndroidManifest.xml:36:22-76
42    <uses-permission android:name="android.permission.WRITE_EXTERNAL_STORAGE" />
42-->src\main\AndroidManifest.xml:37:5-80
42-->src\main\AndroidManifest.xml:37:22-78
43
44    <supports-screens />
44-->src\main\AndroidManifest.xml:41:5-24
45
46    <application
46-->src\main\AndroidManifest.xml:43:5-126:19
47        android:allowBackup="true"
47-->src\main\AndroidManifest.xml:45:18-44
48        android:appComponentFactory="android.support.v4.app.CoreComponentFactory"
48-->[com.android.support:support-compat:28.0.0] AndroidManifest.xml:22:18-91
49        android:icon="@drawable/icon"
49-->src\main\AndroidManifest.xml:43:18-47
50        android:label="@string/app_name" >
50-->src\main\AndroidManifest.xml:44:18-50
51        <activity
51-->src\main\AndroidManifest.xml:47:9-58:20
52            android:name="ru.gelin.android.weather.notification.app.MainActivity"
52-->src\main\AndroidManifest.xml:47:19-51
53            android:label="@string/app_name"
53-->src\main\AndroidManifest.xml:48:19-51
54            android:theme="@android:style/Theme.NoDisplay" >
54-->src\main\AndroidManifest.xml:49:19-65
55            <intent-filter>
55-->src\main\AndroidManifest.xml:50:13-53:29
56                <action android:name="android.intent.action.MAIN" />
56-->src\main\AndroidManifest.xml:51:17-69
56-->src\main\AndroidManifest.xml:51:25-66
57
58                <category android:name="android.intent.category.LAUNCHER" />
58-->src\main\AndroidManifest.xml:52:17-77
58-->src\main\AndroidManifest.xml:52:27-74
59            </intent-filter>
60            <intent-filter>
60-->src\main\AndroidManifest.xml:54:13-57:29
61                <action android:name="ru.gelin.android.weather.notification.ACTION_START_MAIN_ACTIVITY" />
61-->src\main\AndroidManifest.xml:55:17-106
61-->src\main\AndroidManifest.xml:55:25-104
62
63                <category android:name="android.intent.category.DEFAULT" />
63-->src\main\AndroidManifest.xml:56:17-75
63-->src\main\AndroidManifest.xml:56:27-73
64            </intent-filter>
65        </activity>
66        <activity
66-->src\main\AndroidManifest.xml:60:9-62:20
67            android:name="ru.gelin.android.weather.notification.app.MainActivity2"
67-->src\main\AndroidManifest.xml:60:19-52
68            android:label="@string/app_name" >
68-->src\main\AndroidManifest.xml:61:19-51
69        </activity>
70        <activity
70-->src\main\AndroidManifest.xml:64:9-66:20
71            android:name="ru.gelin.android.weather.notification.app.MainActivity4"
71-->src\main\AndroidManifest.xml:64:19-52
72            android:label="@string/app_name" >
72-->src\main\AndroidManifest.xml:65:19-51
73        </activity>
74        <activity
74-->src\main\AndroidManifest.xml:68:9-72:20
75            android:name="ru.gelin.android.weather.notification.MainActivity"
75-->src\main\AndroidManifest.xml:68:19-47
76            android:exported="true"
76-->src\main\AndroidManifest.xml:70:19-42
77            android:label="@string/app_name"
77-->src\main\AndroidManifest.xml:69:19-51
78            android:theme="@android:style/Theme.NoDisplay" >
78-->src\main\AndroidManifest.xml:71:19-65
79        </activity>
80        <activity android:name="ru.gelin.android.weather.notification.app.DebugActivity" />
80-->src\main\AndroidManifest.xml:74:9-54
80-->src\main\AndroidManifest.xml:74:19-52
81
82        <service
82-->src\main\AndroidManifest.xml:76:9-81:19
83            android:name="ru.gelin.android.weather.notification.app.UpdateService"
83-->src\main\AndroidManifest.xml:76:18-51
84            android:permission="ru.gelin.android.weather.notification.START_UPDATE_SERVICE" >
84-->src\main\AndroidManifest.xml:77:17-96
85            <intent-filter>
85-->src\main\AndroidManifest.xml:78:13-80:29
86                <action android:name="ru.gelin.android.weather.notification.ACTION_START_UPDATE_SERVICE" />
86-->src\main\AndroidManifest.xml:79:17-107
86-->src\main\AndroidManifest.xml:79:25-105
87            </intent-filter>
88        </service>
89
90        <receiver android:name="ru.gelin.android.weather.notification.app.BootCompletedReceiver" >
90-->src\main\AndroidManifest.xml:83:9-87:20
90-->src\main\AndroidManifest.xml:83:19-60
91            <intent-filter>
91-->src\main\AndroidManifest.xml:84:13-86:29
92                <action android:name="android.intent.action.BOOT_COMPLETED" />
92-->src\main\AndroidManifest.xml:85:17-78
92-->src\main\AndroidManifest.xml:85:25-76
93            </intent-filter>
94        </receiver>
95        <receiver android:name="ru.gelin.android.weather.notification.app.NetworkConnectivityReceiver" >
95-->src\main\AndroidManifest.xml:88:9-92:20
95-->src\main\AndroidManifest.xml:88:19-66
96            <intent-filter>
96-->src\main\AndroidManifest.xml:89:13-91:29
97                <action android:name="android.net.conn.CONNECTIVITY_CHANGE" />
97-->src\main\AndroidManifest.xml:90:17-78
97-->src\main\AndroidManifest.xml:90:25-76
98            </intent-filter>
99        </receiver>
100        <receiver android:name="ru.gelin.android.weather.notification.app.ExternalAppsAvailableReceiver" >
100-->src\main\AndroidManifest.xml:93:9-97:20
100-->src\main\AndroidManifest.xml:93:19-68
101            <intent-filter>
101-->src\main\AndroidManifest.xml:94:13-96:29
102                <action android:name="android.intent.action.EXTERNAL_APPLICATIONS_AVAILABLE" />
102-->src\main\AndroidManifest.xml:95:17-95
102-->src\main\AndroidManifest.xml:95:25-93
103            </intent-filter>
104        </receiver>
105        <receiver android:name="ru.gelin.android.weather.notification.app.PackageChangedReceiver" >
105-->src\main\AndroidManifest.xml:98:9-104:20
105-->src\main\AndroidManifest.xml:98:19-61
106            <intent-filter>
106-->src\main\AndroidManifest.xml:99:13-103:29
107                <action android:name="android.intent.action.PACKAGE_CHANGED" />
107-->src\main\AndroidManifest.xml:100:17-79
107-->src\main\AndroidManifest.xml:100:25-77
108                <action android:name="android.intent.action.PACKAGE_ADDED" />
108-->src\main\AndroidManifest.xml:101:17-77
108-->src\main\AndroidManifest.xml:101:25-75
109                <action android:name="android.intent.action.PACKAGE_REPLACED" />
109-->src\main\AndroidManifest.xml:102:17-80
109-->src\main\AndroidManifest.xml:102:25-78
110            </intent-filter>
111        </receiver>
112
113        <!-- Built-in skin -->
114
115        <receiver
115-->src\main\AndroidManifest.xml:108:9-113:20
116            android:name="ru.gelin.android.weather.notification.skin.builtin.SkinWeatherNotificationReceiver"
116-->src\main\AndroidManifest.xml:108:19-79
117            android:label="@string/builtin_skin" >
117-->src\main\AndroidManifest.xml:109:19-55
118            <intent-filter>
118-->src\main\AndroidManifest.xml:110:13-112:29
119                <action android:name="ru.gelin.android.weather.notification.ACTION_WEATHER_UPDATE_2" />
119-->src\main\AndroidManifest.xml:111:17-103
119-->src\main\AndroidManifest.xml:111:25-101
120            </intent-filter>
121        </receiver>
122
123        <activity
123-->src\main\AndroidManifest.xml:115:9-120:20
124            android:name="ru.gelin.android.weather.notification.skin.builtin.SkinConfigActivity"
124-->src\main\AndroidManifest.xml:115:19-66
125            android:label="@string/builtin_skin_preferences" >
125-->src\main\AndroidManifest.xml:116:19-67
126            <intent-filter>
126-->src\main\AndroidManifest.xml:117:13-119:29
127                <action android:name="ru.gelin.android.weather.notification.ACTION_WEATHER_SKIN_PREFERENCES" />
127-->src\main\AndroidManifest.xml:118:17-111
127-->src\main\AndroidManifest.xml:118:25-109
128            </intent-filter>
129        </activity>
130        <activity
130-->src\main\AndroidManifest.xml:122:9-124:56
131            android:name="ru.gelin.android.weather.notification.skin.builtin.WeatherInfoActivity"
131-->src\main\AndroidManifest.xml:122:19-67
132            android:label="@string/weather"
132-->src\main\AndroidManifest.xml:123:19-50
133            android:theme="@style/Theme.Dialog" />
133-->src\main\AndroidManifest.xml:124:19-54
134    </application>
135
136</manifest>